make all --print-data-base --no-builtin-variables --no-builtin-rules --question
# GNU Make 4.2.1
# Built for x86_64-pc-linux-gnu
# Copyright (C) 1988-2016 Free Software Foundation, Inc.
# License GPLv3+: GNU GPL version 3 or later <http://gnu.org/licenses/gpl.html>
# This is free software: you are free to change and redistribute it.
# There is NO WARRANTY, to the extent permitted by law.

# Make data base, printed on Fri Jul 29 21:02:11 2022

# Variables

# 'override' directive
GNUMAKEFLAGS := 
# automatic
<D = $(patsubst %/,%,$(dir $<))
# automatic
?F = $(notdir $?)
# environment
DESKTOP_SESSION = ubuntu
# default
.SHELLFLAGS := -c
# environment
XDG_SESSION_CLASS = user
# environment
XDG_SESSION_TYPE = x11
# automatic
?D = $(patsubst %/,%,$(dir $?))
# environment
GRADLE_HOME = /opt/gradle/gradle-7.4.2
# environment
IM_CONFIG_PHASE = 1
# automatic
@D = $(patsubst %/,%,$(dir $@))
# environment
XAUTHORITY = /run/user/1000/gdm/Xauthority
# environment
GDMSESSION = ubuntu
# environment
XMODIFIERS = @im=ibus
# makefile
CURDIR := /home/rootdaenib/VS_Code/Minesweeper
# makefile
SHELL = /bin/sh
# environment
VSCODE_NLS_CONFIG = {"locale":"en-gb","availableLanguages":{},"_languagePackSupport":true}
# environment
_ = /usr/share/code/code
# environment
JOURNAL_STREAM = 8:51222
# environment
XDG_CONFIG_DIRS = /etc/xdg/xdg-ubuntu:/etc/xdg
# makefile (from 'Makefile', line 1)
MAKEFILE_LIST :=  Makefile
# automatic
@F = $(notdir $@)
# environment
GIO_LAUNCHED_DESKTOP_FILE = /usr/share/applications/code.desktop
# environment
USERNAME = rootdaenib
# makefile (from 'Makefile', line 8)
SOURCES = $(wildcard src/**/*.cpp src/*.cpp)
# environment
MANDATORY_PATH = /usr/share/gconf/ubuntu.mandatory.path
# environment
XDG_DATA_DIRS = /usr/share/ubuntu:/usr/local/share/:/usr/share/:/var/lib/snapd/desktop
# environment
DBUS_SESSION_BUS_ADDRESS = unix:path=/run/user/1000/bus
# makefile (from 'Makefile', line 1)
CPPFLAGS = -g -O2 -Wall -Wextra -Iinclude -rdynamic
# environment
MANAGERPID = 1260
# environment
VSCODE_CWD = /home/rootdaenib
# default
MAKE_HOST := x86_64-pc-linux-gnu
# environment
PATH = /opt/gradle/gradle-7.4.2/bin:/home/rootdaenib/.local/bin:/opt/gradle/gradle-7.4.2/bin:/usr/local/sbin:/usr/local/bin:/usr/sbin:/usr/bin:/sbin:/bin:/usr/games:/usr/local/games:/snap/bin
# environment
GPG_AGENT_INFO = /run/user/1000/gnupg/S.gpg-agent:0:1
# environment
SESSION_MANAGER = local/rootdaenib-System-Product-Name:@/tmp/.ICE-unix/1611,unix/rootdaenib-System-Product-Name:/tmp/.ICE-unix/1611
# environment
XDG_RUNTIME_DIR = /run/user/1000
# makefile (from 'Makefile', line 6)
VPATH = src
# environment
XDG_MENU_PREFIX = gnome-
# environment
ELECTRON_RUN_AS_NODE = 1
# environment
INVOCATION_ID = f58c10cf9e80434a9a867b736dd09148
# makefile (from 'Makefile', line 3)
LDFLAGS = 
# default
.FEATURES := target-specific order-only second-expansion else-if shortest-stem undefine oneshell archives jobserver output-sync check-symlink load
# environment
XDG_SESSION_DESKTOP = ubuntu
# environment
SSH_AUTH_SOCK = /run/user/1000/keyring/ssh
# environment
GIO_LAUNCHED_DESKTOP_FILE_PID = 12031
# automatic
%F = $(notdir $%)
# environment
DISPLAY = :0
# environment
PWD = /home/rootdaenib/VS_Code/Minesweeper
# default
.LOADED := 
# environment
SSH_AGENT_PID = 1555
# environment
ORIGINAL_XDG_CURRENT_DESKTOP = ubuntu:GNOME
# environment
GTK_MODULES = gail:atk-bridge
# environment
VSCODE_AMD_ENTRYPOINT = vs/workbench/api/node/extensionHostProcess
# environment
HOME = /home/rootdaenib
# environment
VSCODE_CODE_CACHE_PATH = /home/rootdaenib/.config/Code/CachedData/3b889b090b5ad5793f524b5d1d39fda662b96a2a
# environment
LOGNAME = rootdaenib
# environment
APPLICATION_INSIGHTS_NO_DIAGNOSTIC_CHANNEL = 1
# environment
VSCODE_HANDLES_UNCAUGHT_ERRORS = true
# environment
GNOME_DESKTOP_SESSION_ID = this-is-deprecated
# automatic
^D = $(patsubst %/,%,$(dir $^))
# environment
MAKELEVEL := 0
# default
MAKE = $(MAKE_COMMAND)
# default
MAKECMDGOALS := all
# environment
QT_IM_MODULE = ibus
# environment
SHLVL = 0
# makefile (from 'Makefile', line 2)
CC = g++
# environment
GNOME_SHELL_SESSION_MODE = ubuntu
# default
MAKE_VERSION := 4.2.1
# environment
USER = rootdaenib
# makefile
.DEFAULT_GOAL := all
# environment
XDG_CURRENT_DESKTOP = Unity
# makefile (from 'Makefile', line 4)
NAME = minesweeper
# automatic
%D = $(patsubst %/,%,$(dir $%))
# default
MAKE_COMMAND := make
# default
.VARIABLES := 
# automatic
*F = $(notdir $*)
# environment
LANGUAGE = en_IN:en
# environment
VSCODE_IPC_HOOK = /run/user/1000/vscode-659b4e1e-1.69.2-main.sock
# makefile
MAKEFLAGS = pqrR
# environment
MFLAGS = -pqrR
# automatic
*D = $(patsubst %/,%,$(dir $*))
# automatic
+D = $(patsubst %/,%,$(dir $+))
# environment
GDK_BACKEND = x11
# automatic
+F = $(notdir $+)
# environment
QT_ACCESSIBILITY = 1
# environment
DEFAULTS_PATH = /usr/share/gconf/ubuntu.default.path
# default
MAKEFILES := 
# automatic
<F = $(notdir $<)
# environment
LC_ALL = C
# makefile (from 'Makefile', line 11)
TARGET_EX = bin/$(NAME)
# environment
GJS_DEBUG_TOPICS = JS ERROR;JS LOG
# automatic
^F = $(notdir $^)
# default
SUFFIXES := 
# environment
CHROME_DESKTOP = code-url-handler.desktop
# environment
WINDOWPATH = 2
# default
.INCLUDE_DIRS = /usr/include /usr/local/include /usr/include
# environment
GJS_DEBUG_OUTPUT = stderr
# default
.RECIPEPREFIX := 
# makefile (from 'Makefile', line 9)
OBJECTS = $(patsubst src/%.cpp,src/%.o,$(SOURCES))
# environment
EMBED_KGQA_DIR = /home/rootdaenib
# environment
LANG = C
# environment
VSCODE_PID = 12031
# variable set hash-table stats:
# Load=102/1024=10%, Rehash=0, Collisions=16/133=12%

# Pattern-specific Variable Values

# No pattern-specific variable values.

# Directories

# src/board.h (device 66306, inode 10108035): could not be opened.
# src/board.o (device 66306, inode 10105949): could not be opened.
# . (device 66306, inode 9571571): 10 files, no impossibilities.
# src/board.cpp (device 66306, inode 10105954): could not be opened.
# src/main (device 66306, inode 10105960): could not be opened.
# src/main.o (device 66306, inode 10105957): could not be opened.
# src/game.h (device 66306, inode 10108036): could not be opened.
# src/game.o (device 66306, inode 10105955): could not be opened.
# src (device 66306, inode 10105953): 11 files, no impossibilities.
# src/main.cpp (device 66306, inode 10105958): could not be opened.
# src/game.cpp (device 66306, inode 10105956): could not be opened.

# 21 files, no impossibilities in 11 directories.

# Implicit Rules

# No implicit rules.

# Files

# Not a target:
src/board.o:
#  Implicit rule search has been done.
#  Last modified 2022-07-28 17:05:09.917774526
#  File has been updated.
#  Successfully updated.

bin/minesweeper: src/board.o src/game.o src/main.o bin
#  Implicit rule search has not been done.
#  Last modified 2022-07-28 17:05:10.417761767
#  File has been updated.
#  Successfully updated.
#  recipe to execute (from 'Makefile', line 17):
	$(CC) -o $@ $(LDFLAGS) $(CFLAGS) $(OBJECTS)

all: exec
#  Command line target.
#  Implicit rule search has been done.
#  File does not exist.
#  File has been updated.
#  Successfully updated.

bin:
#  Implicit rule search has not been done.
#  Last modified 2022-07-28 17:05:10.377762788
#  File has been updated.
#  Successfully updated.
#  recipe to execute (from 'Makefile', line 20):
	@mkdir -p bin

.PHONY:
#  Implicit rule search has not been done.
#  Modification time never checked.
#  File has not been updated.

# Not a target:
 
src/main.o:
#  Implicit rule search has been done.
#  Last modified 2022-07-28 17:05:10.377762788
#  File has been updated.
#  Successfully updated.

# Not a target:
Makefile:
#  Implicit rule search has been done.
#  Last modified 2022-07-28 16:39:13.766492682
#  File has been updated.
#  Successfully updated.

# Not a target:
.DEFAULT:
#  Implicit rule search has not been done.
#  Modification time never checked.
#  File has not been updated.

clean:
#  Implicit rule search has not been done.
#  Modification time never checked.
#  File has not been updated.
#  recipe to execute (from 'Makefile', line 24):
	@$(RM) -r bin $(OBJECTS)

exec: bin/minesweeper
#  Implicit rule search has been done.
#  File does not exist.
#  File has been updated.
#  Successfully updated.

# Not a target:
src/game.o:
#  Implicit rule search has been done.
#  Last modified 2022-07-28 17:05:10.145768708
#  File has been updated.
#  Successfully updated.

# files hash-table stats:
# Load=12/1024=1%, Rehash=0, Collisions=1/36=3%
# VPATH Search Paths

# No 'vpath' search paths.

# General ('VPATH' variable) search path:
# src

# strcache buffers: 1 (0) / strings = 38 / storage = 328 B / avg = 8 B
# current buf: size = 8162 B / used = 328 B / count = 38 / avg = 8 B

# strcache performance: lookups = 60 / hit rate = 36%
# hash-table stats:
# Load=38/8192=0%, Rehash=0, Collisions=2/60=3%
# Finished Make data base on Fri Jul 29 21:02:12 2022

 
